<?xml version="1.0" encoding="UTF-8"?>
<!-- Generated by org.testng.reporters.JUnitReportReporter -->
<testsuite hostname="MANOJKUMAR" failures="0" tests="1" name="Jenkins.Sample_Project.Facebook" time="9.387" errors="0" timestamp="2023-11-09T14:29:55 IST" skipped="0">
  <testcase classname="Jenkins.Sample_Project.Facebook" name="verifyloginpage" time="9.387"/>
  <system-out/>
</testsuite> <!-- Jenkins.Sample_Project.Facebook -->
