<?xml version="1.0" encoding="UTF-8"?>
<!-- Generated by org.testng.reporters.JUnitReportReporter -->
<testsuite hostname="ManojKumar" failures="0" tests="6" name="Jenkins.Sample_Project.Flipkart" time="126.819" errors="0" timestamp="2025-03-06T14:39:50 IST" skipped="0">
  <testcase classname="Jenkins.Sample_Project.Flipkart" name="verifyloginpage" time="3.422"/>
  <system-out>
    <![CDATA[Page Title - Online Shopping Site for Mobiles, Electronics, Furniture, Grocery, Lifestyle, Books & More. Best Offers!
url printed   https://www.flipkart.com/]]>
  </system-out>
  <testcase classname="Jenkins.Sample_Project.Flipkart" name="searchtheitem" time="11.808"/>
  <system-out>
    <![CDATA[Page Title - Online Shopping Site for Mobiles, Electronics, Furniture, Grocery, Lifestyle, Books & More. Best Offers!
url printed   https://www.flipkart.com/
List of search results apple airpods
in True Wireless
List of search results apple mobile
in Mobiles
List of search results apple watch
List of search results apple earphones wired
List of search results apple 16e
List of search results apple cider vinegar
List of search results apple tablets
apple watch clicked from the list
Page title is - Apple Watch- Buy Products Online at Best Price in India - All Categories | Flipkart.com]]>
  </system-out>
  <testcase classname="Jenkins.Sample_Project.Flipkart" name="Select_the_item_from_the_list" time="19.658"/>
  <system-out>
    <![CDATA[Page Title - Online Shopping Site for Mobiles, Electronics, Furniture, Grocery, Lifestyle, Books & More. Best Offers!
url printed   https://www.flipkart.com/
List of search results apple airpods
in True Wireless
List of search results apple mobile
in Mobiles
List of search results apple watch
List of search results apple earphones wired
List of search results apple 16e
List of search results apple cider vinegar
List of search results apple tablets
apple watch clicked from the list
Page title is - Apple Watch- Buy Products Online at Best Price in India - All Categories | Flipkart.com
Item selected successfully
The current URL is  https://www.flipkart.com/apple-watch-series-10-gps-46mm-jet-black-aluminium-sport-band/p/itm186d892337bc4?pid=SMWH4JBWQZTFDFJ4&lid=LSTSMWH4JBWQZTFDFJ4O1IKAL&marketplace=FLIPKART&q=apple+watch&store=ajy%2Fbuh&srno=s_1_1&otracker=AS_Query_OrganicAutoSuggest_3_5_na_na_na&otracker1=AS_Query_OrganicAutoSuggest_3_5_na_na_na&fm=search-autosuggest&iid=d289d152-5d8a-4c2f-9584-c0fe6ddb16fc.SMWH4JBWQZTFDFJ4.SEARCH&ppt=sp&ppn=sp&ssid=bq4qzm8pog0000001741252088358&qH=ac1abc0e63e8442c
Page title is -Apple Watch Series 10 GPS 46mm Jet Black Aluminium with Black Sport Band Price in India - Buy Apple Watch Series 10 GPS 46mm Jet Black Aluminium with Black Sport Band online at Flipkart.com]]>
  </system-out>
  <testcase classname="Jenkins.Sample_Project.Flipkart" name="Additemtothecart" time="28.269"/>
  <system-out>
    <![CDATA[Page Title - Online Shopping Site for Mobiles, Electronics, Furniture, Grocery, Lifestyle, Books & More. Best Offers!
url printed   https://www.flipkart.com/
List of search results apple airpods
in True Wireless
List of search results apple mobile
in Mobiles
List of search results apple watch
List of search results apple earphones wired
List of search results apple 16e
List of search results apple cider vinegar
List of search results apple tablets
apple watch clicked from the list
Page title is - Apple Watch- Buy Products Online at Best Price in India - All Categories | Flipkart.com
Item selected successfully
The current URL is  https://www.flipkart.com/apple-watch-series-10-gps-46mm-jet-black-aluminium-sport-band/p/itm186d892337bc4?pid=SMWH4JBWQZTFDFJ4&lid=LSTSMWH4JBWQZTFDFJ4O1IKAL&marketplace=FLIPKART&q=apple+watch&store=ajy%2Fbuh&srno=s_1_1&otracker=AS_Query_OrganicAutoSuggest_3_5_na_na_na&otracker1=AS_Query_OrganicAutoSuggest_3_5_na_na_na&fm=search-autosuggest&iid=e72f28a0-f773-41f9-9429-5f47cb4b5b89.SMWH4JBWQZTFDFJ4.SEARCH&ppt=sp&ppn=sp&ssid=zidzh5r9e80000001741252107894&qH=ac1abc0e63e8442c
Page title is -Apple Watch Series 10 GPS 46mm Jet Black Aluminium with Black Sport Band Price in India - Buy Apple Watch Series 10 GPS 46mm Jet Black Aluminium with Black Sport Band online at Flipkart.com
message captured Faster delivery by11 PM Tomorrow|Free₹70?]]>
  </system-out>
  <testcase classname="Jenkins.Sample_Project.Flipkart" name="Gotocartandverifytheaddeditem" time="31.476"/>
  <system-out>
    <![CDATA[Page Title - Online Shopping Site for Mobiles, Electronics, Furniture, Grocery, Lifestyle, Books & More. Best Offers!
url printed   https://www.flipkart.com/
List of search results apple airpods
in True Wireless
List of search results apple mobile
in Mobiles
List of search results apple watch
List of search results apple earphones wired
List of search results apple 16e
List of search results apple cider vinegar
List of search results apple tablets
apple watch clicked from the list
Page title is - Apple Watch- Buy Products Online at Best Price in India - All Categories | Flipkart.com
Item selected successfully
The current URL is  https://www.flipkart.com/apple-watch-series-10-gps-46mm-jet-black-aluminium-sport-band/p/itm186d892337bc4?pid=SMWH4JBWQZTFDFJ4&lid=LSTSMWH4JBWQZTFDFJ4O1IKAL&marketplace=FLIPKART&q=apple+watch&store=ajy%2Fbuh&srno=s_1_1&otracker=AS_Query_OrganicAutoSuggest_3_5_na_na_na&otracker1=AS_Query_OrganicAutoSuggest_3_5_na_na_na&fm=search-autosuggest&iid=dbbffe4e-344b-4b2a-bb60-22745b8b94bf.SMWH4JBWQZTFDFJ4.SEARCH&ppt=sp&ppn=sp&ssid=2tbkedymr40000001741252135788&qH=ac1abc0e63e8442c
Page title is -Apple Watch Series 10 GPS 46mm Jet Black Aluminium with Black Sport Band Price in India - Buy Apple Watch Series 10 GPS 46mm Jet Black Aluminium with Black Sport Band online at Flipkart.com
message captured Faster delivery by11 PM Tomorrow|Free₹70?
Page title is - Shopping Cart | Flipkart.com
PRICE DETAILS
Price (1 item)
₹49,900
Discount
− ₹8,901
Delivery Charges
₹70Free
Protect Promise Fee
₹49
Total Amount
₹41,048
You will save ₹8,852 on this order]]>
  </system-out>
  <testcase classname="Jenkins.Sample_Project.Flipkart" name="Placeorder" time="32.186"/>
  <system-out>
    <![CDATA[Page Title - Online Shopping Site for Mobiles, Electronics, Furniture, Grocery, Lifestyle, Books & More. Best Offers!
url printed   https://www.flipkart.com/
List of search results apple airpods
in True Wireless
List of search results apple mobile
in Mobiles
List of search results apple watch
List of search results apple earphones wired
List of search results apple 16e
List of search results apple cider vinegar
List of search results apple tablets
apple watch clicked from the list
Page title is - Apple Watch- Buy Products Online at Best Price in India - All Categories | Flipkart.com
Item selected successfully
The current URL is  https://www.flipkart.com/apple-watch-series-10-gps-46mm-jet-black-aluminium-sport-band/p/itm186d892337bc4?pid=SMWH4JBWQZTFDFJ4&lid=LSTSMWH4JBWQZTFDFJ4O1IKAL&marketplace=FLIPKART&q=apple+watch&store=ajy%2Fbuh&srno=s_1_1&otracker=AS_Query_OrganicAutoSuggest_3_5_na_na_na&otracker1=AS_Query_OrganicAutoSuggest_3_5_na_na_na&fm=search-autosuggest&iid=dc865069-055f-4dc4-b809-a2dd5d6c20a9.SMWH4JBWQZTFDFJ4.SEARCH&ppt=sp&ppn=sp&ssid=9czxu14pvk0000001741252167140&qH=ac1abc0e63e8442c
Page title is -Apple Watch Series 10 GPS 46mm Jet Black Aluminium with Black Sport Band Price in India - Buy Apple Watch Series 10 GPS 46mm Jet Black Aluminium with Black Sport Band online at Flipkart.com
message captured Faster delivery by11 PM Tomorrow|Free₹70?
Page title is - Shopping Cart | Flipkart.com
PRICE DETAILS
Price (1 item)
₹49,900
Discount
− ₹8,901
Delivery Charges
₹70Free
Protect Promise Fee
₹49
Total Amount
₹41,048
You will save ₹8,852 on this order
Page title - Flipkart.com: Secure Payment: Login > Select Shipping Address > Review Order > Place Order]]>
  </system-out>
</testsuite> <!-- Jenkins.Sample_Project.Flipkart -->
