<?xml version="1.0" encoding="UTF-8"?>
<!-- Generated by org.testng.reporters.JUnitReportReporter -->
<testsuite hostname="ManojKumar" failures="0" tests="6" name="Jenkins.Sample_Project.Flipkart" time="132.846" errors="0" timestamp="2025-03-24T13:18:16 IST" skipped="0">
  <testcase classname="Jenkins.Sample_Project.Flipkart" name="verifyloginpage" time="3.971"/>
  <system-out>
    <![CDATA[Page Title - Online Shopping Site for Mobiles, Electronics, Furniture, Grocery, Lifestyle, Books & More. Best Offers!
url printed   https://www.flipkart.com/]]>
  </system-out>
  <testcase classname="Jenkins.Sample_Project.Flipkart" name="searchtheitem" time="11.735"/>
  <system-out>
    <![CDATA[Page Title - Online Shopping Site for Mobiles, Electronics, Furniture, Grocery, Lifestyle, Books & More. Best Offers!
url printed   https://www.flipkart.com/
List of search results apple airpods
in True Wireless
List of search results apple mobile
in Mobiles
List of search results apple watch
List of search results apple laptops
List of search results apple tablets
List of search results apple adapter 20w
List of search results apple ipad
apple watch clicked from the list
Page title is - Apple Watch- Buy Products Online at Best Price in India - All Categories | Flipkart.com]]>
  </system-out>
  <testcase classname="Jenkins.Sample_Project.Flipkart" name="Select_the_item_from_the_list" time="21.226"/>
  <system-out>
    <![CDATA[Page Title - Online Shopping Site for Mobiles, Electronics, Furniture, Grocery, Lifestyle, Books & More. Best Offers!
url printed   https://www.flipkart.com/
List of search results apple airpods
in True Wireless
List of search results apple mobile
in Mobiles
List of search results apple watch
List of search results apple laptops
List of search results apple tablets
List of search results apple adapter 20w
List of search results apple ipad
apple watch clicked from the list
Page title is - Apple Watch- Buy Products Online at Best Price in India - All Categories | Flipkart.com
Item selected successfully
The current URL is  https://www.flipkart.com/apple-watch-series-10-gps-46mm-jet-black-aluminium-sport-band/p/itm186d892337bc4?pid=SMWH4JBWYZ7GVEEH&lid=LSTSMWH4JBWYZ7GVEEH9SRP4X&marketplace=FLIPKART&q=apple+watch&store=ajy%2Fbuh&srno=s_1_3&otracker=AS_Query_OrganicAutoSuggest_3_5_na_na_na&otracker1=AS_Query_OrganicAutoSuggest_3_5_na_na_na&fm=organic&iid=bd75791d-2aa4-45c0-9ecd-ce4d99ca3c63.SMWH4JBWYZ7GVEEH.SEARCH&ppt=hp&ppn=homepage&ssid=lgjup4385c0000001742802391778&qH=ac1abc0e63e8442c
Page title is -Apple Watch Series 10 GPS 46mm Jet Black Aluminium with Sport Band Price in India - Buy Apple Watch Series 10 GPS 46mm Jet Black Aluminium with Sport Band online at Flipkart.com]]>
  </system-out>
  <testcase classname="Jenkins.Sample_Project.Flipkart" name="Additemtothecart" time="28.818"/>
  <system-out>
    <![CDATA[Page Title - Online Shopping Site for Mobiles, Electronics, Furniture, Grocery, Lifestyle, Books & More. Best Offers!
url printed   https://www.flipkart.com/
List of search results apple airpods
in True Wireless
List of search results apple mobile
in Mobiles
List of search results apple watch
List of search results apple laptops
List of search results apple tablets
List of search results apple adapter 20w
List of search results apple ipad
apple watch clicked from the list
Page title is - Apple Watch- Buy Products Online at Best Price in India - All Categories | Flipkart.com
Item selected successfully
The current URL is  https://www.flipkart.com/apple-watch-series-10-gps-46mm-jet-black-aluminium-sport-band/p/itm186d892337bc4?pid=SMWH4JBWYZ7GVEEH&lid=LSTSMWH4JBWYZ7GVEEH9SRP4X&marketplace=FLIPKART&q=apple+watch&store=ajy%2Fbuh&srno=s_1_3&otracker=AS_Query_OrganicAutoSuggest_3_5_na_na_na&otracker1=AS_Query_OrganicAutoSuggest_3_5_na_na_na&fm=organic&iid=45ed4579-2cfe-4810-80bc-af32e6a24fab.SMWH4JBWYZ7GVEEH.SEARCH&ppt=hp&ppn=homepage&ssid=3u8eijffps0000001742802410911&qH=ac1abc0e63e8442c
Page title is -Apple Watch Series 10 GPS 46mm Jet Black Aluminium with Sport Band Price in India - Buy Apple Watch Series 10 GPS 46mm Jet Black Aluminium with Sport Band online at Flipkart.com
message captured Delivery in2 Days, Wednesday|Free₹40?]]>
  </system-out>
  <testcase classname="Jenkins.Sample_Project.Flipkart" name="Gotocartandverifytheaddeditem" time="33.117"/>
  <system-out>
    <![CDATA[Page Title - Online Shopping Site for Mobiles, Electronics, Furniture, Grocery, Lifestyle, Books & More. Best Offers!
url printed   https://www.flipkart.com/
List of search results apple airpods
in True Wireless
List of search results apple mobile
in Mobiles
List of search results apple watch
List of search results apple laptops
List of search results apple tablets
List of search results apple adapter 20w
List of search results apple ipad
apple watch clicked from the list
Page title is - Apple Watch- Buy Products Online at Best Price in India - All Categories | Flipkart.com
Item selected successfully
The current URL is  https://www.flipkart.com/apple-watch-series-10-gps-46mm-jet-black-aluminium-sport-band/p/itm186d892337bc4?pid=SMWH4JBWYZ7GVEEH&lid=LSTSMWH4JBWYZ7GVEEH9SRP4X&marketplace=FLIPKART&q=apple+watch&store=ajy%2Fbuh&srno=s_1_3&otracker=AS_Query_OrganicAutoSuggest_3_5_na_na_na&otracker1=AS_Query_OrganicAutoSuggest_3_5_na_na_na&fm=organic&iid=67e55204-b3c6-4cd5-8e85-02c63985127c.SMWH4JBWYZ7GVEEH.SEARCH&ppt=hp&ppn=homepage&ssid=nh7dvptcj40000001742802440240&qH=ac1abc0e63e8442c
Page title is -Apple Watch Series 10 GPS 46mm Jet Black Aluminium with Sport Band Price in India - Buy Apple Watch Series 10 GPS 46mm Jet Black Aluminium with Sport Band online at Flipkart.com
message captured Delivery in2 Days, Wednesday|Free₹40?
Page title is - Shopping Cart | Flipkart.com
PRICE DETAILS
Price (1 item)
₹49,900
Delivery Charges
₹40Free
Protect Promise Fee
₹49
Total Amount
₹49,949]]>
  </system-out>
  <testcase classname="Jenkins.Sample_Project.Flipkart" name="Placeorder" time="33.979"/>
  <system-out>
    <![CDATA[Page Title - Online Shopping Site for Mobiles, Electronics, Furniture, Grocery, Lifestyle, Books & More. Best Offers!
url printed   https://www.flipkart.com/
List of search results apple airpods
in True Wireless
List of search results apple mobile
in Mobiles
List of search results apple watch
List of search results apple laptops
List of search results apple tablets
List of search results apple adapter 20w
List of search results apple ipad
apple watch clicked from the list
Page title is - Apple Watch- Buy Products Online at Best Price in India - All Categories | Flipkart.com
Item selected successfully
The current URL is  https://www.flipkart.com/apple-watch-series-10-gps-46mm-jet-black-aluminium-sport-band/p/itm186d892337bc4?pid=SMWH4JBWYZ7GVEEH&lid=LSTSMWH4JBWYZ7GVEEH9SRP4X&marketplace=FLIPKART&q=apple+watch&store=ajy%2Fbuh&srno=s_1_3&otracker=AS_Query_OrganicAutoSuggest_3_5_na_na_na&otracker1=AS_Query_OrganicAutoSuggest_3_5_na_na_na&fm=organic&iid=482aa524-54ba-46e6-9d05-b2de63351ea6.SMWH4JBWYZ7GVEEH.SEARCH&ppt=hp&ppn=homepage&ssid=axy9efqx1c0000001742802472403&qH=ac1abc0e63e8442c
Page title is -Apple Watch Series 10 GPS 46mm Jet Black Aluminium with Sport Band Price in India - Buy Apple Watch Series 10 GPS 46mm Jet Black Aluminium with Sport Band online at Flipkart.com
message captured Delivery in2 Days, Wednesday|Free₹40?
Page title is - Shopping Cart | Flipkart.com
PRICE DETAILS
Price (1 item)
₹49,900
Delivery Charges
₹40Free
Protect Promise Fee
₹49
Total Amount
₹49,949
Page title - Flipkart.com: Secure Payment: Login > Select Shipping Address > Review Order > Place Order]]>
  </system-out>
</testsuite> <!-- Jenkins.Sample_Project.Flipkart -->
