<?xml version="1.0" encoding="UTF-8"?>
<!-- Generated by org.testng.reporters.JUnitReportReporter -->
<testsuite hostname="MANOJKUMAR" failures="0" tests="1" name="Jenkins.Sample_Project.BaseClass" time="5.383" errors="0" timestamp="2023-11-09T13:29:56 IST" skipped="0">
  <testcase classname="Jenkins.Sample_Project.BaseClass" name="URL" time="5.383"/>
  <system-out/>
</testsuite> <!-- Jenkins.Sample_Project.BaseClass -->
