<?xml version="1.0" encoding="UTF-8"?>
<!-- Generated by org.testng.reporters.JUnitReportReporter -->
<testsuite hostname="MANOJKUMAR" failures="0" tests="1" name="Jenkins.Sample_Project.Dropdown" time="14.605" errors="0" timestamp="2023-11-14T19:43:13 IST" skipped="0">
  <testcase classname="Jenkins.Sample_Project.Dropdown" name="Dropdownhandling" time="14.605"/>
  <system-out>
    <![CDATA[Please select an option
Option 1
Option 2]]>
  </system-out>
</testsuite> <!-- Jenkins.Sample_Project.Dropdown -->
